2ip.io
myip.dk
simsms.org
greasyfork.org

nnmclub.to
nnmstatic.win
filmitorrent.net
fast-torrent.club
kinozal.guru
kinozal.tv
cnd2exp.online
torrentgalaxy.to
rutor.org
rutor.info
cdnbunny.org
pornolab.net
rutracker.org
rutracker.cc
rutracker.net
static.rutracker.cc
tapochek.net
rustorka.com

hdrezka.ag
hdrezka.ac
hdrezka.me
hdrezka.tv
hdrezka.cc
hdrezka.co
hdrezka.es
hd-rezka.cc
static.hdrezka.ac
voidboost.cc
stream.voidboost.cc
rezka.ag
rezka.my
rezka.cc
rezkify.com
kinopub.me
rezkery.com
rezkify.com

ads-twitter.com
cms-twdigitalassets.com
periscope.tv
pscp.tv
t.co
tellapart.com
tweetdeck.com
twimg.com
twitpic.com
twitter.biz
twitter.com
twitter.jp
twitter.map.fastly.net
twittercommunity.com
twitterflightschool.com
twitterinc.com
twitteroauth.com
twitterstat.us
twtrdns.net
twttr.com
twttr.net
twvid.com
vine.co
x.com
